{"/home/developer/test/StarterTask/config/env/all.coffee":{"path":"/home/developer/test/StarterTask/config/env/all.coffee","s":{"1":0},"b":{},"f":{},"fnMap":{},"statementMap":{"1":{"start":{"line":1,"column":0},"end":{"line":2,"column":32}}},"branchMap":{}},"/home/developer/test/StarterTask/config/env/development.coffee":{"path":"/home/developer/test/StarterTask/config/env/development.coffee","s":{"1":0},"b":{},"f":{},"fnMap":{},"statementMap":{"1":{"start":{"line":1,"column":0},"end":{"line":2,"column":35}}},"branchMap":{}},"/home/developer/test/StarterTask/config/express.coffee":{"path":"/home/developer/test/StarterTask/config/express.coffee","s":{"1":0,"2":0,"3":0,"4":0,"5":0,"6":0,"7":0},"b":{},"f":{"1":0},"fnMap":{"1":{"name":"module","line":4,"loc":{"start":{"line":4,"column":0},"end":{"line":4,"column":23}}}},"statementMap":{"1":{"start":{"line":1,"column":0},"end":{"line":1,"column":27}},"2":{"start":{"line":2,"column":0},"end":{"line":2,"column":25}},"3":{"start":{"line":4,"column":0},"end":{"line":8,"column":12}},"4":{"start":{"line":5,"column":2},"end":{"line":5,"column":16}},"5":{"start":{"line":6,"column":2},"end":{"line":6,"column":42}},"6":{"start":{"line":7,"column":2},"end":{"line":7,"column":50}},"7":{"start":{"line":8,"column":2},"end":{"line":8,"column":11}}},"branchMap":{}},"/home/developer/test/StarterTask/config/init.coffee":{"path":"/home/developer/test/StarterTask/config/init.coffee","s":{"1":0,"2":0,"3":0},"b":{},"f":{},"fnMap":{},"statementMap":{"1":{"start":{"line":1,"column":0},"end":{"line":1,"column":19}},"2":{"start":{"line":3,"column":0},"end":{"line":6,"column":0}},"3":{"start":{"line":5,"column":11},"end":{"line":5,"column":41}}},"branchMap":{}},"/home/developer/test/StarterTask/controllers/checkin.controller.coffee":{"path":"/home/developer/test/StarterTask/controllers/checkin.controller.coffee","s":{"1":1,"2":1,"3":1,"4":6,"5":3,"6":3,"7":2,"8":1,"9":1,"10":3,"11":1,"12":2,"13":1,"14":1,"15":1,"16":6,"17":1,"18":5,"19":1,"20":4,"21":3,"22":4,"23":1,"24":4,"25":2,"26":1,"27":1},"b":{"1":[3,3],"2":[1,1],"3":[1,2],"4":[1,1],"5":[1,5],"6":[1,4],"7":[3,1],"8":[1,3],"9":[1,1]},"f":{"1":6,"2":2,"3":6,"4":2},"fnMap":{"1":{"name":"exports","line":5,"loc":{"start":{"line":5,"column":0},"end":{"line":5,"column":29}}},"2":{"name":"(anonymous_1)","line":11,"loc":{"start":{"line":11,"column":27},"end":{"line":11,"column":43}}},"3":{"name":"exports","line":23,"loc":{"start":{"line":23,"column":0},"end":{"line":23,"column":29}}},"4":{"name":"(anonymous_2)","line":37,"loc":{"start":{"line":37,"column":24},"end":{"line":37,"column":40}}}},"statementMap":{"1":{"start":{"line":1,"column":0},"end":{"line":1,"column":29}},"2":{"start":{"line":2,"column":0},"end":{"line":2,"column":34}},"3":{"start":{"line":5,"column":0},"end":{"line":22,"column":0}},"4":{"start":{"line":6,"column":2},"end":{"line":21,"column":25}},"5":{"start":{"line":7,"column":4},"end":{"line":11,"column":3}},"6":{"start":{"line":11,"column":4},"end":{"line":16,"column":1}},"7":{"start":{"line":12,"column":6},"end":{"line":15,"column":24}},"8":{"start":{"line":13,"column":8},"end":{"line":13,"column":20}},"9":{"start":{"line":15,"column":8},"end":{"line":15,"column":24}},"10":{"start":{"line":16,"column":7},"end":{"line":21,"column":25}},"11":{"start":{"line":17,"column":4},"end":{"line":17,"column":29}},"12":{"start":{"line":18,"column":7},"end":{"line":21,"column":25}},"13":{"start":{"line":19,"column":4},"end":{"line":19,"column":29}},"14":{"start":{"line":21,"column":4},"end":{"line":21,"column":25}},"15":{"start":{"line":23,"column":0},"end":{"line":41,"column":25}},"16":{"start":{"line":24,"column":2},"end":{"line":33,"column":3}},"17":{"start":{"line":25,"column":4},"end":{"line":25,"column":71}},"18":{"start":{"line":26,"column":7},"end":{"line":33,"column":3}},"19":{"start":{"line":27,"column":4},"end":{"line":27,"column":65}},"20":{"start":{"line":29,"column":4},"end":{"line":33,"column":3}},"21":{"start":{"line":30,"column":6},"end":{"line":33,"column":3}},"22":{"start":{"line":33,"column":4},"end":{"line":37,"column":3}},"23":{"start":{"line":34,"column":6},"end":{"line":37,"column":3}},"24":{"start":{"line":37,"column":4},"end":{"line":41,"column":25}},"25":{"start":{"line":38,"column":6},"end":{"line":41,"column":24}},"26":{"start":{"line":39,"column":8},"end":{"line":39,"column":20}},"27":{"start":{"line":41,"column":8},"end":{"line":41,"column":24}}},"branchMap":{"1":{"line":6,"type":"if","locations":[{"start":{"line":6,"column":2},"end":{"line":6,"column":2}},{"start":{"line":6,"column":2},"end":{"line":6,"column":2}}]},"2":{"line":12,"type":"if","locations":[{"start":{"line":12,"column":6},"end":{"line":12,"column":6}},{"start":{"line":12,"column":6},"end":{"line":12,"column":6}}]},"3":{"line":16,"type":"if","locations":[{"start":{"line":16,"column":7},"end":{"line":16,"column":7}},{"start":{"line":16,"column":7},"end":{"line":16,"column":7}}]},"4":{"line":18,"type":"if","locations":[{"start":{"line":18,"column":7},"end":{"line":18,"column":7}},{"start":{"line":18,"column":7},"end":{"line":18,"column":7}}]},"5":{"line":24,"type":"if","locations":[{"start":{"line":24,"column":2},"end":{"line":24,"column":2}},{"start":{"line":24,"column":2},"end":{"line":24,"column":2}}]},"6":{"line":26,"type":"if","locations":[{"start":{"line":26,"column":7},"end":{"line":26,"column":7}},{"start":{"line":26,"column":7},"end":{"line":26,"column":7}}]},"7":{"line":29,"type":"if","locations":[{"start":{"line":29,"column":4},"end":{"line":29,"column":4}},{"start":{"line":29,"column":4},"end":{"line":29,"column":4}}]},"8":{"line":33,"type":"if","locations":[{"start":{"line":33,"column":4},"end":{"line":33,"column":4}},{"start":{"line":33,"column":4},"end":{"line":33,"column":4}}]},"9":{"line":38,"type":"if","locations":[{"start":{"line":38,"column":6},"end":{"line":38,"column":6}},{"start":{"line":38,"column":6},"end":{"line":38,"column":6}}]}}},"/home/developer/test/StarterTask/models/checkin.model.coffee":{"path":"/home/developer/test/StarterTask/models/checkin.model.coffee","s":{"1":0,"2":0,"3":0,"4":0},"b":{},"f":{},"fnMap":{},"statementMap":{"1":{"start":{"line":1,"column":0},"end":{"line":1,"column":29}},"2":{"start":{"line":2,"column":0},"end":{"line":2,"column":23}},"3":{"start":{"line":4,"column":0},"end":{"line":7,"column":0}},"4":{"start":{"line":8,"column":0},"end":{"line":8,"column":38}}},"branchMap":{}},"/home/developer/test/StarterTask/routes/checkin.routes.coffee":{"path":"/home/developer/test/StarterTask/routes/checkin.routes.coffee","s":{"1":0,"2":0,"3":0,"4":0,"5":0,"6":0,"7":0},"b":{},"f":{"1":0,"2":0,"3":0},"fnMap":{"1":{"name":"module","line":3,"loc":{"start":{"line":3,"column":0},"end":{"line":3,"column":24}}},"2":{"name":"(anonymous_1)","line":4,"loc":{"start":{"line":4,"column":22},"end":{"line":4,"column":34}}},"3":{"name":"(anonymous_2)","line":7,"loc":{"start":{"line":7,"column":20},"end":{"line":7,"column":32}}}},"statementMap":{"1":{"start":{"line":1,"column":0},"end":{"line":1,"column":54}},"2":{"start":{"line":3,"column":0},"end":{"line":8,"column":28}},"3":{"start":{"line":4,"column":2},"end":{"line":7,"column":1}},"4":{"start":{"line":5,"column":4},"end":{"line":5,"column":16}},"5":{"start":{"line":6,"column":4},"end":{"line":6,"column":27}},"6":{"start":{"line":7,"column":2},"end":{"line":8,"column":28}},"7":{"start":{"line":8,"column":4},"end":{"line":8,"column":27}}},"branchMap":{}},"/home/developer/test/StarterTask/server.coffee":{"path":"/home/developer/test/StarterTask/server.coffee","s":{"1":0,"2":0,"3":0,"4":0,"5":0,"6":0,"7":0,"8":0,"9":0,"10":0,"11":0,"12":0,"13":0,"14":0},"b":{"1":[0,0]},"f":{"1":0,"2":0},"fnMap":{"1":{"name":"(anonymous_1)","line":8,"loc":{"start":{"line":8,"column":33},"end":{"line":8,"column":40}}},"2":{"name":"(anonymous_2)","line":15,"loc":{"start":{"line":15,"column":33},"end":{"line":15,"column":34}}}},"statementMap":{"1":{"start":{"line":1,"column":0},"end":{"line":1,"column":11}},"2":{"start":{"line":3,"column":0},"end":{"line":3,"column":27}},"3":{"start":{"line":4,"column":0},"end":{"line":4,"column":32}},"4":{"start":{"line":5,"column":0},"end":{"line":5,"column":29}},"5":{"start":{"line":6,"column":0},"end":{"line":6,"column":23}},"6":{"start":{"line":8,"column":0},"end":{"line":12,"column":0}},"7":{"start":{"line":9,"column":2},"end":{"line":12,"column":0}},"8":{"start":{"line":10,"column":4},"end":{"line":10,"column":60}},"9":{"start":{"line":11,"column":4},"end":{"line":11,"column":30}},"10":{"start":{"line":13,"column":0},"end":{"line":13,"column":36}},"11":{"start":{"line":15,"column":0},"end":{"line":18,"column":72}},"12":{"start":{"line":16,"column":2},"end":{"line":16,"column":32}},"13":{"start":{"line":17,"column":2},"end":{"line":17,"column":29}},"14":{"start":{"line":18,"column":2},"end":{"line":18,"column":71}}},"branchMap":{"1":{"line":9,"type":"if","locations":[{"start":{"line":9,"column":2},"end":{"line":9,"column":2}},{"start":{"line":9,"column":2},"end":{"line":9,"column":2}}]}}}}