TN:
SF:/home/developer/test/StarterTask/config/env/all.coffee
FNF:0
FNH:0
DA:1,0
LF:1
LH:0
BRF:0
BRH:0
end_of_record
TN:
SF:/home/developer/test/StarterTask/config/env/development.coffee
FNF:0
FNH:0
DA:1,0
LF:1
LH:0
BRF:0
BRH:0
end_of_record
TN:
SF:/home/developer/test/StarterTask/config/express.coffee
FN:4,module
FNF:1
FNH:0
FNDA:0,module
DA:1,0
DA:2,0
DA:4,0
DA:5,0
DA:6,0
DA:7,0
DA:8,0
LF:7
LH:0
BRF:0
BRH:0
end_of_record
TN:
SF:/home/developer/test/StarterTask/config/init.coffee
FNF:0
FNH:0
DA:1,0
DA:3,0
DA:5,0
LF:3
LH:0
BRF:0
BRH:0
end_of_record
TN:
SF:/home/developer/test/StarterTask/controllers/checkin.controller.coffee
FN:5,exports
FN:11,(anonymous_1)
FN:23,exports
FN:37,(anonymous_2)
FNF:4
FNH:4
FNDA:6,exports
FNDA:2,(anonymous_1)
FNDA:6,exports
FNDA:2,(anonymous_2)
DA:1,1
DA:2,1
DA:5,1
DA:6,6
DA:7,3
DA:11,3
DA:12,2
DA:13,1
DA:15,1
DA:16,3
DA:17,1
DA:18,2
DA:19,1
DA:21,1
DA:23,1
DA:24,6
DA:25,1
DA:26,5
DA:27,1
DA:29,4
DA:30,3
DA:33,4
DA:34,1
DA:37,4
DA:38,2
DA:39,1
DA:41,1
LF:27
LH:27
BRDA:6,1,0,3
BRDA:6,1,1,3
BRDA:12,2,0,1
BRDA:12,2,1,1
BRDA:16,3,0,1
BRDA:16,3,1,2
BRDA:18,4,0,1
BRDA:18,4,1,1
BRDA:24,5,0,1
BRDA:24,5,1,5
BRDA:26,6,0,1
BRDA:26,6,1,4
BRDA:29,7,0,3
BRDA:29,7,1,1
BRDA:33,8,0,1
BRDA:33,8,1,3
BRDA:38,9,0,1
BRDA:38,9,1,1
BRF:18
BRH:18
end_of_record
TN:
SF:/home/developer/test/StarterTask/models/checkin.model.coffee
FNF:0
FNH:0
DA:1,0
DA:2,0
DA:4,0
DA:8,0
LF:4
LH:0
BRF:0
BRH:0
end_of_record
TN:
SF:/home/developer/test/StarterTask/routes/checkin.routes.coffee
FN:3,module
FN:4,(anonymous_1)
FN:7,(anonymous_2)
FNF:3
FNH:0
FNDA:0,module
FNDA:0,(anonymous_1)
FNDA:0,(anonymous_2)
DA:1,0
DA:3,0
DA:4,0
DA:5,0
DA:6,0
DA:7,0
DA:8,0
LF:7
LH:0
BRF:0
BRH:0
end_of_record
TN:
SF:/home/developer/test/StarterTask/server.coffee
FN:8,(anonymous_1)
FN:15,(anonymous_2)
FNF:2
FNH:0
FNDA:0,(anonymous_1)
FNDA:0,(anonymous_2)
DA:1,0
DA:3,0
DA:4,0
DA:5,0
DA:6,0
DA:8,0
DA:9,0
DA:10,0
DA:11,0
DA:13,0
DA:15,0
DA:16,0
DA:17,0
DA:18,0
LF:14
LH:0
BRDA:9,1,0,0
BRDA:9,1,1,0
BRF:2
BRH:0
end_of_record
